<?xml version="1.0" encoding="UTF-8"?>
<testsuite xmlns:xsi="http://www.w3.org/2001/XMLSchema-instance" xsi:noNamespaceSchemaLocation="https://maven.apache.org/surefire/maven-surefire-plugin/xsd/surefire-test-report.xsd" version="3.0.2" name="com.pablix.tiempos.TiemposApplicationTests" time="7.962" tests="1" errors="0" skipped="0" failures="0">
  <properties>
[...]
</properties>
  <testcase name="contextLoads" classname="com.pablix.tiempos.TiemposApplicationTests" time="0.646">
    <system-out><![CDATA[16:32:42.898 [main] INFO org.springframework.test.context.support.AnnotationConfigContextLoaderUtils -- Could not detect default configuration classes for test class [com.pablix.tiempos.TiemposApplicationTests]: TiemposApplicationTests does not declare any static, non-private, non-final, nested classes annotated with @Configuration.
16:32:43.057 [main] INFO org.springframework.boot.test.context.SpringBootTestContextBootstrapper -- Found @SpringBootConfiguration com.pablix.tiempos.TiemposApplication for test class com.pablix.tiempos.TiemposApplicationTests

  .   ____          _            __ _ _
 /\\ / ___'_ __ _ _(_)_ __  __ _ \ \ \ \
( ( )\___ | '_ | '_| | '_ \/ _` | \ \ \ \
 \\/  ___)| |_)| | | | | || (_| |  ) ) ) )
  '  |____| .__|_| |_|_| |_\__, | / / / /
 =========|_|==============|___/=/_/_/_/

 :: Spring Boot ::                (v3.5.0)

2025-06-03T16:32:43.732-06:00  INFO 9556 --- [tiempos] [           main] c.p.tiempos.TiemposApplicationTests      : Starting TiemposApplicationTests using Java 21.0.6 with PID 9556 (started by exocjua in C:\Desarrollo\personal\duatlon\tiempos)
2025-06-03T16:32:43.733-06:00  INFO 9556 --- [tiempos] [           main] c.p.tiempos.TiemposApplicationTests      : No active profile set, falling back to 1 default profile: "default"
2025-06-03T16:32:44.551-06:00  INFO 9556 --- [tiempos] [           main] .s.d.r.c.RepositoryConfigurationDelegate : Bootstrapping Spring Data JPA repositories in DEFAULT mode.
2025-06-03T16:32:44.621-06:00  INFO 9556 --- [tiempos] [           main] .s.d.r.c.RepositoryConfigurationDelegate : Finished Spring Data repository scanning in 56 ms. Found 1 JPA repository interface.
2025-06-03T16:32:45.088-06:00  INFO 9556 --- [tiempos] [           main] o.hibernate.jpa.internal.util.LogHelper  : HHH000204: Processing PersistenceUnitInfo [name: default]
2025-06-03T16:32:45.158-06:00  INFO 9556 --- [tiempos] [           main] org.hibernate.Version                    : HHH000412: Hibernate ORM core version 6.6.15.Final
2025-06-03T16:32:45.193-06:00  INFO 9556 --- [tiempos] [           main] o.h.c.internal.RegionFactoryInitiator    : HHH000026: Second-level cache disabled
2025-06-03T16:32:45.586-06:00  INFO 9556 --- [tiempos] [           main] o.s.o.j.p.SpringPersistenceUnitInfo      : No LoadTimeWeaver setup: ignoring JPA class transformer
2025-06-03T16:32:45.648-06:00  INFO 9556 --- [tiempos] [           main] com.zaxxer.hikari.HikariDataSource       : HikariPool-1 - Starting...
2025-06-03T16:32:47.042-06:00  INFO 9556 --- [tiempos] [           main] com.zaxxer.hikari.pool.HikariPool        : HikariPool-1 - Added connection org.postgresql.jdbc.PgConnection@5d2e6f62
2025-06-03T16:32:47.045-06:00  INFO 9556 --- [tiempos] [           main] com.zaxxer.hikari.HikariDataSource       : HikariPool-1 - Start completed.
2025-06-03T16:32:47.168-06:00  WARN 9556 --- [tiempos] [           main] org.hibernate.orm.deprecation            : HHH90000025: PostgreSQLDialect does not need to be specified explicitly using 'hibernate.dialect' (remove the property setting and it will be selected by default)
2025-06-03T16:32:47.352-06:00  INFO 9556 --- [tiempos] [           main] org.hibernate.orm.connections.pooling    : HHH10001005: Database info:
	Database JDBC URL [Connecting through datasource 'HikariDataSource (HikariPool-1)']
	Database driver: undefined/unknown
	Database version: 15.8
	Autocommit mode: undefined/unknown
	Isolation level: undefined/unknown
	Minimum pool size: undefined/unknown
	Maximum pool size: undefined/unknown
2025-06-03T16:32:48.160-06:00  INFO 9556 --- [tiempos] [           main] o.h.e.t.j.p.i.JtaPlatformInitiator       : HHH000489: No JTA platform available (set 'hibernate.transaction.jta.platform' to enable JTA platform integration)
Hibernate: alter table if exists corredor alter column dpi set data type varchar(255)
Hibernate: alter table if exists corredor alter column email set data type varchar(255)
Hibernate: alter table if exists corredor alter column telefono set data type varchar(255)
2025-06-03T16:32:48.986-06:00  INFO 9556 --- [tiempos] [           main] j.LocalContainerEntityManagerFactoryBean : Initialized JPA EntityManagerFactory for persistence unit 'default'
2025-06-03T16:32:49.553-06:00  WARN 9556 --- [tiempos] [           main] JpaBaseConfiguration$JpaWebConfiguration : spring.jpa.open-in-view is enabled by default. Therefore, database queries may be performed during view rendering. Explicitly configure spring.jpa.open-in-view to disable this warning
2025-06-03T16:32:50.037-06:00  INFO 9556 --- [tiempos] [           main] c.p.tiempos.TiemposApplicationTests      : Started TiemposApplicationTests in 6.739 seconds (process running for 7.948)
]]></system-out>
    <system-err><![CDATA[Mockito is currently self-attaching to enable the inline-mock-maker. This will no longer work in future releases of the JDK. Please add Mockito as an agent to your build as described in Mockito's documentation: https://javadoc.io/doc/org.mockito/mockito-core/latest/org.mockito/org/mockito/Mockito.html#0.3
WARNING: A Java agent has been loaded dynamically (C:\Users\exocjua\.m2\repository\net\bytebuddy\byte-buddy-agent\1.17.5\byte-buddy-agent-1.17.5.jar)
WARNING: If a serviceability tool is in use, please run with -XX:+EnableDynamicAgentLoading to hide this warning
WARNING: If a serviceability tool is not in use, please run with -Djdk.instrument.traceUsage for more information
WARNING: Dynamic loading of agents will be disallowed by default in a future release
]]></system-err>
  </testcase>
</testsuite>